2015-06-22 23:38:28,661 INFO  [main]    XVisitorTool.java:201  - Parsing Outline.g4
2015-06-22 23:38:28,709 INFO  [main]    XVisitorTool.java:201  - Parsing CodeAssist.g4
2015-06-22 23:38:28,710 INFO  [main]    XVisitorTool.java:201  - Parsing Format.g4
2015-06-22 23:38:28,767 INFO  [main]    ModelBuilder.java:36   - Grammar
2015-06-22 23:38:28,769 INFO  [main]    CodeGenModel.java:100  - Grammar name: Outline
2015-06-22 23:38:28,769 INFO  [main]    ModelBuilder.java:43   - OptionsSpec
2015-06-22 23:38:28,770 INFO  [main]    ModelBuilder.java:56   - Options
2015-06-22 23:38:28,770 INFO  [main]    CodeGenModel.java:105  - Option set: parserClass => STGParser
2015-06-22 23:38:28,771 INFO  [main]    ModelBuilder.java:56   - Options
2015-06-22 23:38:28,771 INFO  [main]    CodeGenModel.java:105  - Option set: superClass => OutlineAdaptor
2015-06-22 23:38:28,827 INFO  [main]    ModelBuilder.java:77   - Action
2015-06-22 23:38:28,828 INFO  [main]    CodeGenModel.java:110  - Action: header=
	package net.certiv.stdt.core.parser.gen;

	import net.certiv.stdt.core.parser.OutlineAdaptor;

2015-06-22 23:38:28,829 INFO  [main]    ModelBuilder.java:85   - XVisitor
2015-06-22 23:38:28,829 INFO  [main]    CodeGenModel.java:126  - Main rule name: outline
2015-06-22 23:38:28,829 INFO  [main]    CodeGenModel.java:132  - PathName: outline
2015-06-22 23:38:28,829 INFO  [main]    CodeGenModel.java:132  - PathName: group
2015-06-22 23:38:28,830 INFO  [main]    CodeGenModel.java:132  - PathName: delims
2015-06-22 23:38:28,830 INFO  [main]    CodeGenModel.java:132  - PathName: imports
2015-06-22 23:38:28,830 INFO  [main]    CodeGenModel.java:132  - PathName: template
2015-06-22 23:38:28,830 INFO  [main]    CodeGenModel.java:132  - PathName: dict
2015-06-22 23:38:28,830 INFO  [main]    ModelBuilder.java:96   - XPath
2015-06-22 23:38:28,831 INFO  [main]    ModelBuilder.java:103  - Spec
2015-06-22 23:38:28,831 INFO  [main]    CodeGenModel.java:137  - StartPath: group
2015-06-22 23:38:28,831 INFO  [main]    ModelBuilder.java:238  - Separator
2015-06-22 23:38:28,832 INFO  [main]    CodeGenModel.java:151  - Separator: /
2015-06-22 23:38:28,833 INFO  [main]    ModelBuilder.java:245  - Word
2015-06-22 23:38:28,836 INFO  [main]    CodeGenModel.java:176  - Rule: group[0]
2015-06-22 23:38:28,836 INFO  [main]    CodeGenModel.java:196  - Done.
2015-06-22 23:38:28,838 INFO  [main]    CodeGenModel.java:121  - ActionBlock: group[[if (entering()) {	createModule(getNode(STGParser.RULE_group, 0), "ST Group Outline");	}
]]
2015-06-22 23:38:28,839 INFO  [main]    CodeGenModel.java:121  - ActionBlock: group[[if (entering()) {	createModule(getNode(STGParser.RULE_group, 0), "ST Group Outline");	}
if (exiting()) {	blockEnd(); }
]]
2015-06-22 23:38:28,840 INFO  [main]    ModelBuilder.java:96   - XPath
2015-06-22 23:38:28,840 INFO  [main]    ModelBuilder.java:103  - Spec
2015-06-22 23:38:28,841 INFO  [main]    CodeGenModel.java:137  - StartPath: delims
2015-06-22 23:38:28,847 INFO  [main]    ModelBuilder.java:238  - Separator
2015-06-22 23:38:28,848 INFO  [main]    CodeGenModel.java:151  - Separator: /
2015-06-22 23:38:28,848 INFO  [main]    ModelBuilder.java:245  - Word
2015-06-22 23:38:28,848 INFO  [main]    CodeGenModel.java:176  - Rule: group[0]
2015-06-22 23:38:28,849 INFO  [main]    ModelBuilder.java:238  - Separator
2015-06-22 23:38:28,849 INFO  [main]    CodeGenModel.java:151  - Separator: /
2015-06-22 23:38:28,850 INFO  [main]    ModelBuilder.java:245  - Word
2015-06-22 23:38:28,850 INFO  [main]    CodeGenModel.java:176  - Rule: delimiters[1]
2015-06-22 23:38:28,851 INFO  [main]    CodeGenModel.java:196  - Done.
2015-06-22 23:38:28,852 INFO  [main]    CodeGenModel.java:121  - ActionBlock: delims[[if (entering()) { createDelimStatement();	}
]]
2015-06-22 23:38:28,856 INFO  [main]    ModelBuilder.java:96   - XPath
2015-06-22 23:38:28,857 INFO  [main]    ModelBuilder.java:103  - Spec
2015-06-22 23:38:28,857 INFO  [main]    CodeGenModel.java:137  - StartPath: imports
2015-06-22 23:38:28,858 INFO  [main]    ModelBuilder.java:238  - Separator
2015-06-22 23:38:28,861 INFO  [main]    CodeGenModel.java:151  - Separator: /
2015-06-22 23:38:28,861 INFO  [main]    ModelBuilder.java:245  - Word
2015-06-22 23:38:28,862 INFO  [main]    CodeGenModel.java:176  - Rule: group[0]
2015-06-22 23:38:28,862 INFO  [main]    ModelBuilder.java:238  - Separator
2015-06-22 23:38:28,862 INFO  [main]    CodeGenModel.java:151  - Separator: /
2015-06-22 23:38:28,863 INFO  [main]    ModelBuilder.java:245  - Word
2015-06-22 23:38:28,863 INFO  [main]    CodeGenModel.java:176  - Rule: imports[2]
2015-06-22 23:38:28,863 INFO  [main]    CodeGenModel.java:196  - Done.
2015-06-22 23:38:28,864 INFO  [main]    CodeGenModel.java:121  - ActionBlock: imports[[if (entering()) { createImportStatement();	}
]]
2015-06-22 23:38:28,864 INFO  [main]    ModelBuilder.java:96   - XPath
2015-06-22 23:38:28,864 INFO  [main]    ModelBuilder.java:103  - Spec
2015-06-22 23:38:28,865 INFO  [main]    CodeGenModel.java:137  - StartPath: template
2015-06-22 23:38:28,865 INFO  [main]    ModelBuilder.java:238  - Separator
2015-06-22 23:38:28,866 INFO  [main]    CodeGenModel.java:151  - Separator: //
2015-06-22 23:38:28,866 INFO  [main]    ModelBuilder.java:245  - Word
2015-06-22 23:38:28,866 INFO  [main]    CodeGenModel.java:176  - Rule: template[3]
2015-06-22 23:38:28,867 INFO  [main]    CodeGenModel.java:196  - Done.
2015-06-22 23:38:28,867 INFO  [main]    CodeGenModel.java:121  - ActionBlock: template[[if (entering()) { createTemplateStatement(getToken(STGParser.ID, 0).getText(), getToken(STGParser.AT, 0) != null);	}
]]
2015-06-22 23:38:28,868 INFO  [main]    ModelBuilder.java:96   - XPath
2015-06-22 23:38:28,868 INFO  [main]    ModelBuilder.java:103  - Spec
2015-06-22 23:38:28,868 INFO  [main]    CodeGenModel.java:137  - StartPath: dict
2015-06-22 23:38:28,869 INFO  [main]    ModelBuilder.java:238  - Separator
2015-06-22 23:38:28,869 INFO  [main]    CodeGenModel.java:151  - Separator: //
2015-06-22 23:38:28,870 INFO  [main]    ModelBuilder.java:245  - Word
2015-06-22 23:38:28,870 INFO  [main]    CodeGenModel.java:176  - Rule: dict[6]
2015-06-22 23:38:28,870 INFO  [main]    CodeGenModel.java:196  - Done.
2015-06-22 23:38:28,870 INFO  [main]    CodeGenModel.java:121  - ActionBlock: dict[[if (entering()) { createDictStatement(getToken(STGParser.ID, 0).getText());	}
]]
2015-06-22 23:38:28,954 INFO  [main]    ModelBuilder.java:36   - Grammar
2015-06-22 23:38:28,955 INFO  [main]    CodeGenModel.java:100  - Grammar name: CodeAssist
2015-06-22 23:38:28,956 INFO  [main]    ModelBuilder.java:43   - OptionsSpec
2015-06-22 23:38:28,956 INFO  [main]    ModelBuilder.java:56   - Options
2015-06-22 23:38:28,957 INFO  [main]    CodeGenModel.java:105  - Option set: parserClass => STGParser
2015-06-22 23:38:28,962 INFO  [main]    ModelBuilder.java:77   - Action
2015-06-22 23:38:28,963 INFO  [main]    CodeGenModel.java:110  - Action: header=
	
	package net.certiv.stdt.core.parser.gen;

	import net.certiv.stdt.core.parser.STSourceParser;

2015-06-22 23:38:28,964 INFO  [main]    ModelBuilder.java:77   - Action
2015-06-22 23:38:28,964 INFO  [main]    CodeGenModel.java:110  - Action: members=

	private STSourceParser helper;

	public void setHelper(STSourceParser helper) {
		this.helper = helper;
	}

2015-06-22 23:38:28,965 INFO  [main]    ModelBuilder.java:85   - XVisitor
2015-06-22 23:38:28,965 INFO  [main]    CodeGenModel.java:126  - Main rule name: codeAssist
2015-06-22 23:38:28,966 INFO  [main]    CodeGenModel.java:132  - PathName: codeAssist
2015-06-22 23:38:28,966 INFO  [main]    CodeGenModel.java:132  - PathName: templateId
2015-06-22 23:38:28,967 INFO  [main]    ModelBuilder.java:96   - XPath
2015-06-22 23:38:28,967 INFO  [main]    ModelBuilder.java:103  - Spec
2015-06-22 23:38:28,968 INFO  [main]    CodeGenModel.java:137  - StartPath: templateId
2015-06-22 23:38:28,968 INFO  [main]    ModelBuilder.java:238  - Separator
2015-06-22 23:38:28,969 INFO  [main]    CodeGenModel.java:151  - Separator: //
2015-06-22 23:38:28,969 INFO  [main]    ModelBuilder.java:245  - Word
2015-06-22 23:38:28,970 INFO  [main]    CodeGenModel.java:176  - Rule: template[3]
2015-06-22 23:38:28,970 INFO  [main]    CodeGenModel.java:196  - Done.
2015-06-22 23:38:28,971 INFO  [main]    CodeGenModel.java:121  - ActionBlock: templateId[[if (entering()) { helper.codeAssist(getToken(STGParser.ID, 0)); }
]]
2015-06-22 23:38:29,013 INFO  [main]    ModelBuilder.java:36   - Grammar
2015-06-22 23:38:29,014 INFO  [main]    CodeGenModel.java:100  - Grammar name: Format
2015-06-22 23:38:29,014 INFO  [main]    ModelBuilder.java:43   - OptionsSpec
2015-06-22 23:38:29,014 INFO  [main]    ModelBuilder.java:56   - Options
2015-06-22 23:38:29,014 INFO  [main]    CodeGenModel.java:105  - Option set: parserClass => STGParser
2015-06-22 23:38:29,018 INFO  [main]    ModelBuilder.java:77   - Action
2015-06-22 23:38:29,024 INFO  [main]    CodeGenModel.java:110  - Action: header=
	package net.certiv.stdt.core.parser.gen;

	import static net.certiv.stdt.core.preferences.PrefsKey.*;
	import net.certiv.dsl.core.formatter.DslCodeFormatter;

2015-06-22 23:38:29,025 INFO  [main]    ModelBuilder.java:77   - Action
2015-06-22 23:38:29,026 INFO  [main]    CodeGenModel.java:110  - Action: members=

	private DslCodeFormatter helper;

	public void setHelper(DslCodeFormatter helper) {
		this.helper = helper;
	}

2015-06-22 23:38:29,027 INFO  [main]    ModelBuilder.java:85   - XVisitor
2015-06-22 23:38:29,028 INFO  [main]    CodeGenModel.java:126  - Main rule name: format
2015-06-22 23:38:29,029 INFO  [main]    CodeGenModel.java:132  - PathName: format
2015-06-22 23:38:29,034 INFO  [main]    CodeGenModel.java:132  - PathName: delimiters
2015-06-22 23:38:29,035 INFO  [main]    CodeGenModel.java:132  - PathName: imports
2015-06-22 23:38:29,073 INFO  [main]    CodeGenModel.java:132  - PathName: template
2015-06-22 23:38:29,074 INFO  [main]    CodeGenModel.java:132  - PathName: args
2015-06-22 23:38:29,076 INFO  [main]    CodeGenModel.java:132  - PathName: arg
2015-06-22 23:38:29,076 INFO  [main]    CodeGenModel.java:132  - PathName: dict
2015-06-22 23:38:29,077 INFO  [main]    CodeGenModel.java:132  - PathName: dpairs
2015-06-22 23:38:29,078 INFO  [main]    CodeGenModel.java:132  - PathName: kpairs
2015-06-22 23:38:29,078 INFO  [main]    CodeGenModel.java:132  - PathName: vpairs
2015-06-22 23:38:29,078 INFO  [main]    ModelBuilder.java:96   - XPath
2015-06-22 23:38:29,079 INFO  [main]    ModelBuilder.java:103  - Spec
2015-06-22 23:38:29,079 INFO  [main]    CodeGenModel.java:137  - StartPath: delimiters
2015-06-22 23:38:29,080 INFO  [main]    ModelBuilder.java:238  - Separator
2015-06-22 23:38:29,080 INFO  [main]    CodeGenModel.java:151  - Separator: /
2015-06-22 23:38:29,081 INFO  [main]    ModelBuilder.java:245  - Word
2015-06-22 23:38:29,081 INFO  [main]    CodeGenModel.java:176  - Rule: group[0]
2015-06-22 23:38:29,082 INFO  [main]    ModelBuilder.java:238  - Separator
2015-06-22 23:38:29,083 INFO  [main]    CodeGenModel.java:151  - Separator: /
2015-06-22 23:38:29,084 INFO  [main]    ModelBuilder.java:245  - Word
2015-06-22 23:38:29,085 INFO  [main]    CodeGenModel.java:176  - Rule: delimiters[1]
2015-06-22 23:38:29,091 INFO  [main]    CodeGenModel.java:196  - Done.
2015-06-22 23:38:29,092 INFO  [main]    CodeGenModel.java:121  - ActionBlock: delimiters[[if (entering()) {	helper.locate(getToken(STGParser.DELIMITERS, 0)).indent().spaceAfter();
			helper.locate(getToken(STGParser.COMMA, 0)).space(FORMAT_SPACE_COMMA);
		}
]]
2015-06-22 23:38:29,093 INFO  [main]    ModelBuilder.java:96   - XPath
2015-06-22 23:38:29,096 INFO  [main]    ModelBuilder.java:103  - Spec
2015-06-22 23:38:29,097 INFO  [main]    CodeGenModel.java:137  - StartPath: imports
2015-06-22 23:38:29,097 INFO  [main]    ModelBuilder.java:238  - Separator
2015-06-22 23:38:29,098 INFO  [main]    CodeGenModel.java:151  - Separator: /
2015-06-22 23:38:29,098 INFO  [main]    ModelBuilder.java:245  - Word
2015-06-22 23:38:29,098 INFO  [main]    CodeGenModel.java:176  - Rule: group[0]
2015-06-22 23:38:29,099 INFO  [main]    ModelBuilder.java:238  - Separator
2015-06-22 23:38:29,100 INFO  [main]    CodeGenModel.java:151  - Separator: /
2015-06-22 23:38:29,101 INFO  [main]    ModelBuilder.java:245  - Word
2015-06-22 23:38:29,101 INFO  [main]    CodeGenModel.java:176  - Rule: imports[2]
2015-06-22 23:38:29,101 INFO  [main]    CodeGenModel.java:196  - Done.
2015-06-22 23:38:29,101 INFO  [main]    CodeGenModel.java:121  - ActionBlock: imports[[if (entering()) {	helper.locate(getToken(STGParser.IMPORT, 0)).indent().spaceAfter();
			helper.locate(getToken(STGParser.STRING, 0)).splitAfter();
		}
]]
2015-06-22 23:38:29,102 INFO  [main]    ModelBuilder.java:96   - XPath
2015-06-22 23:38:29,102 INFO  [main]    ModelBuilder.java:103  - Spec
2015-06-22 23:38:29,102 INFO  [main]    CodeGenModel.java:137  - StartPath: template
2015-06-22 23:38:29,102 INFO  [main]    ModelBuilder.java:238  - Separator
2015-06-22 23:38:29,102 INFO  [main]    CodeGenModel.java:151  - Separator: //
2015-06-22 23:38:29,103 INFO  [main]    ModelBuilder.java:245  - Word
2015-06-22 23:38:29,104 INFO  [main]    CodeGenModel.java:176  - Rule: template[3]
2015-06-22 23:38:29,104 INFO  [main]    CodeGenModel.java:196  - Done.
2015-06-22 23:38:29,105 INFO  [main]    CodeGenModel.java:121  - ActionBlock: template[[if (entering()) {	helper.locate(getToken(STGParser.ID, 0)).indent().splitBefore();
			helper.locate(getToken(STGParser.LPAREN, 0)).space(FORMAT_SPACE_PAREN);
			helper.locate(getToken(STGParser.RPAREN, 0)).space(FORMAT_SPACE_PAREN);
			helper.locate(getToken(STGParser.TMPL_ASSIGN, 0)).space(FORMAT_SPACE_TMPL_ASSIGN);
		}
]]
2015-06-22 23:38:29,106 INFO  [main]    ModelBuilder.java:96   - XPath
2015-06-22 23:38:29,106 INFO  [main]    ModelBuilder.java:103  - Spec
2015-06-22 23:38:29,107 INFO  [main]    CodeGenModel.java:137  - StartPath: args
2015-06-22 23:38:29,108 INFO  [main]    ModelBuilder.java:238  - Separator
2015-06-22 23:38:29,108 INFO  [main]    CodeGenModel.java:151  - Separator: //
2015-06-22 23:38:29,109 INFO  [main]    ModelBuilder.java:245  - Word
2015-06-22 23:38:29,109 INFO  [main]    CodeGenModel.java:176  - Rule: formalArgs[4]
2015-06-22 23:38:29,109 INFO  [main]    CodeGenModel.java:196  - Done.
2015-06-22 23:38:29,109 INFO  [main]    CodeGenModel.java:121  - ActionBlock: args[[if (entering()) {	helper.locate(getToken(STGParser.COMMA, 0)).space(FORMAT_SPACE_COMMA);	}
]]
2015-06-22 23:38:29,110 INFO  [main]    ModelBuilder.java:96   - XPath
2015-06-22 23:38:29,110 INFO  [main]    ModelBuilder.java:103  - Spec
2015-06-22 23:38:29,111 INFO  [main]    CodeGenModel.java:137  - StartPath: arg
2015-06-22 23:38:29,111 INFO  [main]    ModelBuilder.java:238  - Separator
2015-06-22 23:38:29,112 INFO  [main]    CodeGenModel.java:151  - Separator: //
2015-06-22 23:38:29,112 INFO  [main]    ModelBuilder.java:245  - Word
2015-06-22 23:38:29,112 INFO  [main]    CodeGenModel.java:176  - Rule: formalArg[5]
2015-06-22 23:38:29,113 INFO  [main]    CodeGenModel.java:196  - Done.
2015-06-22 23:38:29,113 INFO  [main]    CodeGenModel.java:121  - ActionBlock: arg[[if (entering()) {	helper.locate(getToken(STGParser.ASSIGN, 0)).space(FORMAT_SPACE_ASSIGN);	}
]]
2015-06-22 23:38:29,113 INFO  [main]    ModelBuilder.java:96   - XPath
2015-06-22 23:38:29,114 INFO  [main]    ModelBuilder.java:103  - Spec
2015-06-22 23:38:29,115 INFO  [main]    CodeGenModel.java:137  - StartPath: dict
2015-06-22 23:38:29,115 INFO  [main]    ModelBuilder.java:238  - Separator
2015-06-22 23:38:29,115 INFO  [main]    CodeGenModel.java:151  - Separator: //
2015-06-22 23:38:29,116 INFO  [main]    ModelBuilder.java:245  - Word
2015-06-22 23:38:29,116 INFO  [main]    CodeGenModel.java:176  - Rule: dict[6]
2015-06-22 23:38:29,116 INFO  [main]    CodeGenModel.java:196  - Done.
2015-06-22 23:38:29,117 INFO  [main]    CodeGenModel.java:121  - ActionBlock: dict[[if (entering()) {	helper.locate(getToken(STGParser.ID, 0)).indent();
			helper.locate(getToken(STGParser.TMPL_ASSIGN, 0)).space(FORMAT_SPACE_TMPL_ASSIGN);
			helper.locate(getToken(STGParser.LBRACK, 0)).space(FORMAT_SPACE_LBRACKET);
			helper.locate(getToken(STGParser.RBRACK, 0)).space(FORMAT_SPACE_RBRACKET);
		}
]]
2015-06-22 23:38:29,117 INFO  [main]    ModelBuilder.java:96   - XPath
2015-06-22 23:38:29,118 INFO  [main]    ModelBuilder.java:103  - Spec
2015-06-22 23:38:29,118 INFO  [main]    CodeGenModel.java:137  - StartPath: dpairs
2015-06-22 23:38:29,118 INFO  [main]    ModelBuilder.java:238  - Separator
2015-06-22 23:38:29,119 INFO  [main]    CodeGenModel.java:151  - Separator: //
2015-06-22 23:38:29,119 INFO  [main]    ModelBuilder.java:245  - Word
2015-06-22 23:38:29,120 INFO  [main]    CodeGenModel.java:176  - Rule: dictPairs[7]
2015-06-22 23:38:29,121 INFO  [main]    CodeGenModel.java:196  - Done.
2015-06-22 23:38:29,122 INFO  [main]    CodeGenModel.java:121  - ActionBlock: dpairs[[if (entering()) {	helper.locate(getToken(STGParser.COMMA, 0)).space(FORMAT_SPACE_COMMA);	}
]]
2015-06-22 23:38:29,122 INFO  [main]    ModelBuilder.java:96   - XPath
2015-06-22 23:38:29,122 INFO  [main]    ModelBuilder.java:103  - Spec
2015-06-22 23:38:29,124 INFO  [main]    CodeGenModel.java:137  - StartPath: kpairs
2015-06-22 23:38:29,124 INFO  [main]    ModelBuilder.java:238  - Separator
2015-06-22 23:38:29,125 INFO  [main]    CodeGenModel.java:151  - Separator: //
2015-06-22 23:38:29,125 INFO  [main]    ModelBuilder.java:245  - Word
2015-06-22 23:38:29,125 INFO  [main]    CodeGenModel.java:176  - Rule: keyValuePair[8]
2015-06-22 23:38:29,125 INFO  [main]    CodeGenModel.java:196  - Done.
2015-06-22 23:38:29,126 INFO  [main]    CodeGenModel.java:121  - ActionBlock: kpairs[[if (entering()) {	helper.locate(getToken(STGParser.COLON, 0)).space(FORMAT_SPACE_COLON);	}
]]
2015-06-22 23:38:29,126 INFO  [main]    ModelBuilder.java:96   - XPath
2015-06-22 23:38:29,127 INFO  [main]    ModelBuilder.java:103  - Spec
2015-06-22 23:38:29,127 INFO  [main]    CodeGenModel.java:137  - StartPath: vpairs
2015-06-22 23:38:29,127 INFO  [main]    ModelBuilder.java:238  - Separator
2015-06-22 23:38:29,127 INFO  [main]    CodeGenModel.java:151  - Separator: //
2015-06-22 23:38:29,128 INFO  [main]    ModelBuilder.java:245  - Word
2015-06-22 23:38:29,128 INFO  [main]    CodeGenModel.java:176  - Rule: defaultValuePair[9]
2015-06-22 23:38:29,128 INFO  [main]    CodeGenModel.java:196  - Done.
2015-06-22 23:38:29,129 INFO  [main]    CodeGenModel.java:121  - ActionBlock: vpairs[[if (entering()) {	helper.locate(getToken(STGParser.COLON, 0)).space(FORMAT_SPACE_COLON);	}
]]
